chr10	1883704	A	42	42	2.37770403387719	0.0817350250811449
chr10	94574119	G	42	37	-0.0127909457339434	0.794788273615635
chr10	94574119	T	42	5	-0.164524984132248	0.785016286644951
chr10	1283471	A	42	35	-0.0609555368399479	0.959183673469388
chr10	1283471	G	42	7	1.93262743111163	0.0340136054421769
chr10	4664031	A	42	34	0.0976285794940137	0.23469387755102
chr10	4664031	T	42	8	-0.126855176725905	0.816326530612245
chr10	2140591	T	42	18	-0.482787952250832	0.981818181818182
chr10	2140591	C	42	24	0.635927092609589	0.0818181818181818
chr10	8273967	G	42	31	0.0377926347261609	0.672727272727273
chr10	8273967	C	42	11	-0.0766527021699744	0.787878787878788
chr10	8805236	C	42	17	0.029263002089293	0.571428571428571
chr10	8805236	G	42	25	-0.00240327526806676	0.857142857142857
chr10	9910953	G	42	42	0.659325026926684	0.327972853349071
chr10	9912057	A	42	42	0.659325026926684	0.327972853349071
chr10	9912173	G	42	41	0.0212753899616036	0.25974025974026
chr10	10196606	A	42	28	0.22116817524837	0.295652173913043
chr10	10196606	C	42	14	-0.118009965177535	0.878260869565217
chr10	10196657	C	42	28	0.370620545846532	0.165217391304348
chr10	10196657	T	42	14	0.151780574672397	0.339130434782609
chr10	10196660	T	42	28	0.454165975166172	0.139130434782609
chr10	10196660	C	42	14	0.235326003992038	0.295652173913043
chr10	10196681	C	42	17	-0.0887173221987706	0.839285714285714
chr10	10196681	T	42	25	0.476490454344391	0.107142857142857
chr10	10289796	A	42	31	0.157965129027439	0.339393939393939
chr10	10289796	G	42	11	0.0783859244146179	0.478787878787879
chr10	10798473	G	42	38	0.013871398953407	0.610294117647059
chr10	10798473	T	42	4	0.316083059410782	0.238970588235294
chr10	11722338	T	42	36	0.0701860504629217	0.335106382978723
chr10	11722338	C	42	6	-0.175664528784349	0.813829787234043
chr10	18178617	T	42	36	0.201260103561711	0.138297872340426
chr10	18178617	C	42	6	-0.534427776392234	0.914893617021277
chr10	19643453	A	42	19	0.167003530359499	0.360824742268041
chr10	19643453	C	42	23	0.318518370504158	0.195876288659794
chr10	19643457	T	42	19	0.236079633621407	0.257731958762887
chr10	19643457	C	42	23	0.387594473766066	0.154639175257732
chr10	19643458	C	42	19	0.0394161760890785	0.628865979381443
chr10	19643458	T	42	23	0.190931016233737	0.329896907216495
chr10	21395310	G	42	38	0.0455111274375483	0.330882352941176
chr10	21395310	A	42	4	-0.120637535677752	0.713235294117647
chr10	21395337	T	42	38	0.0637033803739224	0.279411764705882
chr10	21395337	C	42	4	-0.102445282741378	0.702205882352941
chr10	22878501	A	42	18	-0.0196804247389711	0.763636363636364
chr10	22878501	G	42	24	0.123044284959486	0.409090909090909
chr10	23402220	A	42	32	0.0982339592178141	0.316770186335404
chr10	23402220	G	42	10	-0.0124488023497202	0.658385093167702
chr10	23402713	C	42	40	0.00921804665733233	0.591775325977934
chr10	23402713	A	42	2	-0.090661334327561	0.571715145436309
chr10	66956778	A	42	36	0.0239331585008467	0.590425531914894
chr10	66956778	C	42	6	-0.010377700847901	0.606382978723404
chr10	109486449	A	42	39	0.00454034723901361	0.69727047146402
chr10	109486449	G	42	3	-0.210522509319049	0.739454094292804
chr10	133219714	G	42	15	-0.45992528361309	0.947368421052632
chr10	133219714	A	42	27	0.699570053484201	0.0631578947368421
chr10	140971447	C	42	21	0.0924470657767973	0.571428571428571
chr10	140971447	T	42	21	-0.131547079015278	0.938775510204082
chr10	141642194	A	42	41	0.00506599311482514	0.548917748917749
chr10	146120260	G	42	21	0.28029428408521	0.204081632653061
chr10	146120260	A	42	21	-0.338792548939326	0.979591836734694
chr9	49376744	A	42	42	-0.468663948114952	0.963706107996459
chr9	50412095	C	42	42	-0.45425342178168	0.955296547654175
chr9	50712051	T	42	42	-0.428362080710832	0.936706993213337
chr9	26831614	C	42	34	0.0661700737528506	0.36734693877551
chr9	26831614	T	42	8	0.0111569244227375	0.586734693877551
chr9	52328210	A	42	31	0.0394732415657384	0.660606060606061
chr9	52328210	G	42	11	-0.0901024382875794	0.83030303030303
chr9	88524659	A	42	29	0.0559631623260693	0.621359223300971
chr9	88524659	T	42	13	0.0358379252192	0.621359223300971
chr9	92549233	G	42	34	0.0860269249746529	0.270408163265306
chr9	92549233	C	42	8	-0.0462962461059344	0.755102040816326
chr9	128653417	C	42	20	0.202929051488323	0.229357798165138
chr9	128653417	G	42	22	0.0579524546969017	0.587155963302752
chr9	130489221	A	42	31	0.169927480633343	0.309090909090909
chr9	130489221	C	42	11	-0.166484596884117	0.909090909090909
chr9	143862624	G	42	42	1.00767279508965	0.262909412806137
chr9	1647538	T	42	32	0.166793522992393	0.173913043478261
chr9	1647538	C	42	10	0.14394102546187	0.298136645962733
chr9	1647540	G	42	32	0.334865860220976	0.0869565217391304
chr9	1647540	A	42	10	0.312013362690453	0.142857142857143
chr9	1647563	G	42	32	0.334865860220976	0.0869565217391304
chr9	1647563	A	42	10	0.312013362690453	0.142857142857143
chr9	1647568	G	42	32	0.334865814506788	0.093167701863354
chr9	1647568	A	42	10	0.312013316976265	0.149068322981366
chr9	1647576	G	42	32	0.157583507157874	0.192546583850932
chr9	1647576	A	42	10	0.136586856941276	0.304347826086957
chr9	2825568	T	42	38	0.152039227402555	0.0845588235294118
chr9	2825568	A	42	4	-0.329931385473231	0.863970588235294
chr9	4292681	C	42	24	1.11306961308254	0.0272727272727273
chr9	4292681	T	42	18	-0.0441383934091523	0.836363636363636
chr9	7870090	G	42	34	0.0274251904026288	0.530612244897959
chr9	7870090	C	42	8	0.0953250932263066	0.341836734693878
chr9	9071746	C	42	40	0.198313432446522	0.0641925777331996
chr9	9071746	T	42	2	-2.14475990601556	0.97592778335005
chr9	12110203	G	42	20	-0.0370263768135656	0.761467889908257
chr9	12110203	A	42	22	0.191363064822974	0.26605504587156
chr9	13429438	G	42	34	-0.00148576465268424	0.811224489795918
chr9	13429438	A	42	8	0.225197895636987	0.255102040816327
chr9	26818485	A	42	24	0.0712418065147614	0.518181818181818
chr9	26818485	C	42	18	0.0195328660056256	0.654545454545455
chr9	34845691	G	42	28	0.013122579859213	0.695652173913043
chr9	34845691	A	42	14	0.0310995464112276	0.565217391304348
chr9	35404115	G	42	28	0.0104630588758799	0.704347826086957
chr9	35404115	A	42	14	0.0291769455588222	0.582608695652174
chr9	35914493	A	42	33	0.00103406919980042	0.833333333333333
chr9	35914493	G	42	9	0.0698842544562384	0.425287356321839
chr9	36011314	T	42	10	-0.0425002358274633	0.751552795031056
chr9	36011314	C	42	32	0.00128838883422133	0.826086956521739
chr9	43242537	A	42	38	-0.0162217852100341	0.915441176470588
chr9	43242537	G	42	4	-0.0260272232775856	0.555147058823529
chr9	43243195	T	42	38	-0.0424208265708503	0.959558823529412
chr9	43243195	C	42	4	-0.0522262646384017	0.625
chr9	47763129	C	42	42	-0.535147085504305	0.984361168486279
chr9	59402186	T	42	42	-0.179463664665918	0.748303334316908
chr9	59402375	A	42	42	-0.179463664665918	0.748303334316908
chr9	59941170	T	42	32	0.0460864652408787	0.577639751552795
chr9	59941170	G	42	10	0.0184542135941814	0.527950310559006
chr9	61356589	A	42	42	-0.384968319707103	0.909412806137504
chr9	62776942	A	42	40	0.00931523575551158	0.589769307923771
chr9	62776942	G	42	2	0.254602277553096	0.321965897693079
chr9	62776954	C	42	40	0.00445860464627468	0.680040120361083
chr9	62776954	G	42	2	0.249745646443859	0.323971915747242
chr9	80586676	C	42	8	0.0631353863830426	0.397959183673469
chr9	80586676	T	42	34	0.0686265090431978	0.336734693877551
chr9	80586677	A	42	8	0.0650007873531296	0.392857142857143
chr9	80586677	T	42	34	0.0704919100132848	0.301020408163265
chr9	85296505	G	42	29	0.095135085146394	0.504854368932039
chr9	85296505	T	42	13	0.0122024188421728	0.679611650485437
chr9	88243260	A	42	24	0.170168008015019	0.327272727272727
chr9	88243260	G	42	18	0.0069720969606013	0.709090909090909
chr9	88649715	T	42	30	0.0671069278826759	0.524590163934426
chr9	88649715	C	42	12	0.00723510561047624	0.614754098360656
chr9	92676117	G	42	13	-0.185453727175364	0.912621359223301
chr9	92676117	A	42	29	0.222103001533521	0.252427184466019
chr9	94011216	C	42	39	0.0182120889614029	0.511166253101737
chr9	94011216	T	42	3	0.325636582683792	0.292803970223325
chr9	103353939	A	42	40	0.00522427159527314	0.664994984954865
chr9	103353939	G	42	2	-0.23804410769266	0.670010030090271
chr9	116356407	T	42	41	0.00805109591452374	0.464935064935065
chr9	120735144	G	42	38	0.0267212388771154	0.455882352941176
chr9	120735144	C	42	4	0.175656993133287	0.305147058823529
chr9	120735145	G	42	39	0.0265789343681123	0.431761786600496
chr9	120735145	T	42	3	0.318551452653159	0.297766749379653
chr9	120735147	C	42	39	0.0260271607751853	0.439205955334988
chr9	120735147	A	42	3	0.317999679060232	0.300248138957816
chr9	120735157	C	42	38	0.0177213901239363	0.551470588235294
chr9	120735157	G	42	4	0.245833454436354	0.272058823529412
chr9	124946897	T	42	31	0.0621835386087356	0.557575757575758
chr9	124946897	C	42	11	-0.118931614543378	0.878787878787879
chr9	127858963	G	42	25	0.139451314870634	0.357142857142857
chr9	127858963	A	42	17	-0.0457295113498669	0.8125
chr9	130212095	A	42	35	0.189340033070112	0.17687074829932
chr9	130212095	T	42	7	0.0796835718486716	0.408163265306122
chr9	130918798	A	42	40	0.01853164439798	0.468405215646941
chr9	130918798	G	42	2	0.696103352358682	0.253761283851555
chr9	136080807	T	42	34	0.14417496662922	0.178571428571429
chr9	136080807	C	42	8	0.0427693219184994	0.494897959183673
chr9	143203552	T	42	31	0.149879645895473	0.357575757575758
chr9	143203552	C	42	11	-0.401015598516089	0.945454545454545
chr9	143543551	G	42	41	0.098112037559706	0.0311688311688312
chr9	143803276	T	42	42	2.30451295256793	0.0882266155208026
chr9	143808169	C	42	40	0.077829119845056	0.194583751253761
chr9	143808169	T	42	2	-1.56507037514656	0.947843530591775
chr9	147494308	A	42	29	0.202059994762523	0.29126213592233
chr9	147494308	G	42	13	-0.303845916950722	0.970873786407767
chr9	147495679	C	42	36	0.0875709733756631	0.292553191489362
chr9	147495679	T	42	6	-0.0203359280209791	0.627659574468085
chr9	148200036	C	42	34	0.308196778801086	0.0918367346938776
chr9	148200036	G	42	8	-0.593497040860116	0.964285714285714
chr9	150236523	G	42	22	2.05406710233631	0.0275229357798165
chr9	150236523	T	42	20	0.218924542690793	0.192660550458716
chr9	150236524	T	42	22	2.17307718045043	0.018348623853211
chr9	150236524	C	42	20	0.337934620804913	0.146788990825688
chr9	150236525	T	42	22	2.17307718045043	0.018348623853211
chr9	150236525	G	42	20	0.337934620804913	0.146788990825688
chr9	150236526	T	42	22	1.48043621343996	0.036697247706422
chr9	150236526	C	42	20	-0.354706346205558	0.972477064220184
chr9	152863539	A	42	22	0.197510187498093	0.247706422018349
chr9	152863539	G	42	20	-0.092888095078242	0.853211009174312
chr9	156317296	A	42	36	0.365629567909743	0.0372340425531915
chr9	156317296	G	42	6	-0.766441192165625	0.952127659574468
chr9	156330015	T	42	37	1.27286513647584	0.00325732899022801
chr9	156330015	C	42	5	1.23062824634519	0.0521172638436482
chr9	156422039	A	42	37	1.38474148911835	0
chr9	156422039	C	42	5	-2.55702348486973	1
