chr10	1883704	A	42	42	2.37770403387719
chr10	94574119	G	42	37	-0.0127909457339434
chr10	94574119	T	42	5	-0.164524984132248
chr10	1283471	A	42	35	-0.0609555368399479
chr10	1283471	G	42	7	1.93262743111163
chr10	4664031	A	42	34	0.0976285794940137
chr10	4664031	T	42	8	-0.126855176725905
chr10	2140591	T	42	18	-0.482787952250832
chr10	2140591	C	42	24	0.635927092609589
chr10	8273967	G	42	31	0.0377926347261609
chr10	8273967	C	42	11	-0.0766527021699744
chr10	8805236	C	42	17	0.029263002089293
chr10	8805236	G	42	25	-0.00240327526806676
chr10	9910953	G	42	42	0.659325026926684
chr10	9912057	A	42	42	0.659325026926684
chr10	9912173	G	42	41	0.0212753899616036
chr10	10196606	A	42	28	0.22116817524837
chr10	10196606	C	42	14	-0.118009965177535
chr10	10196657	C	42	28	0.370620545846532
chr10	10196657	T	42	14	0.151780574672397
chr10	10196660	T	42	28	0.454165975166172
chr10	10196660	C	42	14	0.235326003992038
chr10	10196681	C	42	17	-0.0887173221987706
chr10	10196681	T	42	25	0.476490454344391
chr10	10289796	A	42	31	0.157965129027439
chr10	10289796	G	42	11	0.0783859244146179
chr10	10798473	G	42	38	0.013871398953407
chr10	10798473	T	42	4	0.316083059410782
chr10	11722338	T	42	36	0.0701860504629217
chr10	11722338	C	42	6	-0.175664528784349
chr10	18178617	T	42	36	0.201260103561711
chr10	18178617	C	42	6	-0.534427776392234
chr10	19643453	A	42	19	0.167003530359499
chr10	19643453	C	42	23	0.318518370504158
chr10	19643457	T	42	19	0.236079633621407
chr10	19643457	C	42	23	0.387594473766066
chr10	19643458	C	42	19	0.0394161760890785
chr10	19643458	T	42	23	0.190931016233737
chr10	21395310	G	42	38	0.0455111274375483
chr10	21395310	A	42	4	-0.120637535677752
chr10	21395337	T	42	38	0.0637033803739224
chr10	21395337	C	42	4	-0.102445282741378
chr10	22878501	A	42	18	-0.0196804247389711
chr10	22878501	G	42	24	0.123044284959486
chr10	23402220	A	42	32	0.0982339592178141
chr10	23402220	G	42	10	-0.0124488023497202
chr10	23402713	C	42	40	0.00921804665733233
chr10	23402713	A	42	2	-0.090661334327561
chr10	66956778	A	42	36	0.0239331585008467
chr10	66956778	C	42	6	-0.010377700847901
chr10	109486449	A	42	39	0.00454034723901361
chr10	109486449	G	42	3	-0.210522509319049
chr10	133219714	G	42	15	-0.45992528361309
chr10	133219714	A	42	27	0.699570053484201
chr10	140971447	C	42	21	0.0924470657767973
chr10	140971447	T	42	21	-0.131547079015278
chr10	141642194	A	42	41	0.00506599311482514
chr10	146120260	G	42	21	0.28029428408521
chr10	146120260	A	42	21	-0.338792548939326
chr9	49376744	A	42	42	-0.468663948114952
chr9	50412095	C	42	42	-0.45425342178168
chr9	50712051	T	42	42	-0.428362080710832
chr9	26831614	C	42	34	0.0661700737528506
chr9	26831614	T	42	8	0.0111569244227375
chr9	52328210	A	42	31	0.0394732415657384
chr9	52328210	G	42	11	-0.0901024382875794
chr9	88524659	A	42	29	0.0559631623260693
chr9	88524659	T	42	13	0.0358379252192
chr9	92549233	G	42	34	0.0860269249746529
chr9	92549233	C	42	8	-0.0462962461059344
chr9	128653417	C	42	20	0.202929051488323
chr9	128653417	G	42	22	0.0579524546969017
chr9	130489221	A	42	31	0.169927480633343
chr9	130489221	C	42	11	-0.166484596884117
chr9	143862624	G	42	42	1.00767279508965
chr9	1647538	T	42	32	0.166793522992393
chr9	1647538	C	42	10	0.14394102546187
chr9	1647540	G	42	32	0.334865860220976
chr9	1647540	A	42	10	0.312013362690453
chr9	1647563	G	42	32	0.334865860220976
chr9	1647563	A	42	10	0.312013362690453
chr9	1647568	G	42	32	0.334865814506788
chr9	1647568	A	42	10	0.312013316976265
chr9	1647576	G	42	32	0.157583507157874
chr9	1647576	A	42	10	0.136586856941276
chr9	2825568	T	42	38	0.152039227402555
chr9	2825568	A	42	4	-0.329931385473231
chr9	4292681	C	42	24	1.11306961308254
chr9	4292681	T	42	18	-0.0441383934091523
chr9	7870090	G	42	34	0.0274251904026288
chr9	7870090	C	42	8	0.0953250932263066
chr9	9071746	C	42	40	0.198313432446522
chr9	9071746	T	42	2	-2.14475990601556
chr9	12110203	G	42	20	-0.0370263768135656
chr9	12110203	A	42	22	0.191363064822974
chr9	13429438	G	42	34	-0.00148576465268424
chr9	13429438	A	42	8	0.225197895636987
chr9	26818485	A	42	24	0.0712418065147614
chr9	26818485	C	42	18	0.0195328660056256
chr9	34845691	G	42	28	0.013122579859213
chr9	34845691	A	42	14	0.0310995464112276
chr9	35404115	G	42	28	0.0104630588758799
chr9	35404115	A	42	14	0.0291769455588222
chr9	35914493	A	42	33	0.00103406919980042
chr9	35914493	G	42	9	0.0698842544562384
chr9	36011314	T	42	10	-0.0425002358274633
chr9	36011314	C	42	32	0.00128838883422133
chr9	43242537	A	42	38	-0.0162217852100341
chr9	43242537	G	42	4	-0.0260272232775856
chr9	43243195	T	42	38	-0.0424208265708503
chr9	43243195	C	42	4	-0.0522262646384017
chr9	47763129	C	42	42	-0.535147085504305
chr9	59402186	T	42	42	-0.179463664665918
chr9	59402375	A	42	42	-0.179463664665918
chr9	59941170	T	42	32	0.0460864652408787
chr9	59941170	G	42	10	0.0184542135941814
chr9	61356589	A	42	42	-0.384968319707103
chr9	62776942	A	42	40	0.00931523575551158
chr9	62776942	G	42	2	0.254602277553096
chr9	62776954	C	42	40	0.00445860464627468
chr9	62776954	G	42	2	0.249745646443859
chr9	80586676	C	42	8	0.0631353863830426
chr9	80586676	T	42	34	0.0686265090431978
chr9	80586677	A	42	8	0.0650007873531296
chr9	80586677	T	42	34	0.0704919100132848
chr9	85296505	G	42	29	0.095135085146394
chr9	85296505	T	42	13	0.0122024188421728
chr9	88243260	A	42	24	0.170168008015019
chr9	88243260	G	42	18	0.0069720969606013
chr9	88649715	T	42	30	0.0671069278826759
chr9	88649715	C	42	12	0.00723510561047624
chr9	92676117	G	42	13	-0.185453727175364
chr9	92676117	A	42	29	0.222103001533521
chr9	94011216	C	42	39	0.0182120889614029
chr9	94011216	T	42	3	0.325636582683792
chr9	103353939	A	42	40	0.00522427159527314
chr9	103353939	G	42	2	-0.23804410769266
chr9	116356407	T	42	41	0.00805109591452374
chr9	120735144	G	42	38	0.0267212388771154
chr9	120735144	C	42	4	0.175656993133287
chr9	120735145	G	42	39	0.0265789343681123
chr9	120735145	T	42	3	0.318551452653159
chr9	120735147	C	42	39	0.0260271607751853
chr9	120735147	A	42	3	0.317999679060232
chr9	120735157	C	42	38	0.0177213901239363
chr9	120735157	G	42	4	0.245833454436354
chr9	124946897	T	42	31	0.0621835386087356
chr9	124946897	C	42	11	-0.118931614543378
chr9	127858963	G	42	25	0.139451314870634
chr9	127858963	A	42	17	-0.0457295113498669
chr9	130212095	A	42	35	0.189340033070112
chr9	130212095	T	42	7	0.0796835718486716
chr9	130918798	A	42	40	0.01853164439798
chr9	130918798	G	42	2	0.696103352358682
chr9	136080807	T	42	34	0.14417496662922
chr9	136080807	C	42	8	0.0427693219184994
chr9	143203552	T	42	31	0.149879645895473
chr9	143203552	C	42	11	-0.401015598516089
chr9	143543551	G	42	41	0.098112037559706
chr9	143803276	T	42	42	2.30451295256793
chr9	143808169	C	42	40	0.077829119845056
chr9	143808169	T	42	2	-1.56507037514656
chr9	147494308	A	42	29	0.202059994762523
chr9	147494308	G	42	13	-0.303845916950722
chr9	147495679	C	42	36	0.0875709733756631
chr9	147495679	T	42	6	-0.0203359280209791
chr9	148200036	C	42	34	0.308196778801086
chr9	148200036	G	42	8	-0.593497040860116
chr9	150236523	G	42	22	2.05406710233631
chr9	150236523	T	42	20	0.218924542690793
chr9	150236524	T	42	22	2.17307718045043
chr9	150236524	C	42	20	0.337934620804913
chr9	150236525	T	42	22	2.17307718045043
chr9	150236525	G	42	20	0.337934620804913
chr9	150236526	T	42	22	1.48043621343996
chr9	150236526	C	42	20	-0.354706346205558
chr9	152863539	A	42	22	0.197510187498093
chr9	152863539	G	42	20	-0.092888095078242
chr9	156317296	A	42	36	0.365629567909743
chr9	156317296	G	42	6	-0.766441192165625
chr9	156330015	T	42	37	1.27286513647584
chr9	156330015	C	42	5	1.23062824634519
chr9	156422039	A	42	37	1.38474148911835
chr9	156422039	C	42	5	-2.55702348486973
