chr9	49376744
chr9	50412095
chr9	50712051
chr9	26831614
chr9	52328210
chr9	88524659
chr9	92549233
chr9	128653417
chr9	130489221
chr9	143862624
chr9	1647538
chr9	1647540
chr9	1647563
chr9	1647568
chr9	1647576
chr9	2825568
chr9	4292681
chr9	7870090
chr9	9071746
chr9	12110203
chr9	13429438
chr9	26818485
chr9	34845691
chr9	35404115
chr9	35914493
chr9	36011314
chr9	43242537
chr9	43243195
chr9	47763129
chr9	59402186
chr9	59402375
chr9	59941170
chr9	61356589
chr9	62776942
chr9	62776954
chr9	80586676
chr9	80586677
chr9	85296505
chr9	88243260
chr9	88649715
chr9	92676117
chr9	94011216
chr9	103353939
chr9	116356407
chr9	120735144
chr9	120735145
chr9	120735147
chr9	120735157
chr9	124946897
chr9	127858963
chr9	130212095
chr9	130918798
chr9	136080807
chr9	143203552
chr9	143543551
chr9	143803276
chr9	143808169
chr9	147494308
chr9	147495679
chr9	148200036
chr9	150236523
chr9	150236524
chr9	150236525
chr9	150236526
chr9	152863539
chr9	156317296
chr9	156330015
chr9	156422039
